<?xml version="1.0" encoding="UTF-8"?>
<testsuite name="faang.school.urlshortenerservice.generator.HashGeneratorTest" tests="1" skipped="0" failures="0" errors="0" timestamp="2025-03-23T06:51:52" hostname="DESKTOP" time="1.823">
  <properties/>
  <testcase name="testGenerateHashes()" classname="faang.school.urlshortenerservice.generator.HashGeneratorTest" time="1.823"/>
  <system-out><![CDATA[2025-03-23 09:51:54.122 [Test worker] INFO  f.s.u.generator.HashGenerator - Saving 3 hashes
]]></system-out>
  <system-err><![CDATA[]]></system-err>
</testsuite>
